<?xml version="1.0" encoding="utf-8"?><testsuites name="pytest tests"><testsuite name="pytest" errors="0" failures="0" skipped="0" tests="9" time="5.731" timestamp="2026-07-12T20:11:01.609282+00:00" hostname="agent-env-f920ee83-1ce3-4330-8a6e-0404dc2f4b0e"><testcase classname="tests.test_new_metrics" name="test_overview_last30_new_fields" time="1.676" /><testcase classname="tests.test_new_metrics" name="test_overview_best_post" time="0.419" /><testcase classname="tests.test_new_metrics" name="test_posts_have_new_metrics" time="0.391" /><testcase classname="tests.test_new_metrics" name="test_inbox_totals" time="0.456" /><testcase classname="tests.test_new_metrics" name="test_inbox_response_time_buckets" time="0.476" /><testcase classname="tests.test_new_metrics" name="test_inbox_over_time" time="0.498" /><testcase classname="tests.test_new_metrics" name="test_inbox_when_messages_land" time="0.451" /><testcase classname="tests.test_new_metrics" name="test_inbox_top_participants" time="0.444" /><testcase classname="tests.test_new_metrics" name="test_inbox_timezone" time="0.446" /></testsuite></testsuites>