<?xml version="1.0" encoding="utf-8"?><testsuites name="pytest tests"><testsuite name="pytest" errors="0" failures="1" skipped="0" tests="13" time="6.396" timestamp="2026-07-12T19:39:38.401845+00:00" hostname="agent-env-f920ee83-1ce3-4330-8a6e-0404dc2f4b0e"><testcase classname="tests.test_dashboard_api" name="test_account" time="0.662"><failure message="AssertionError: assert ('username' in {'snapshot': {'platform': 'instagram', 'username': 'yaciapatisserie', 'display_name': 'Yacia Patisserie', 'profile_picture': 'https://scontent-lhr6-1.cdninstagram.com/v/t51.2885-19/476679134_955867683322337_1184071680533370448_n.jpg?stp=dst-jpg_s206x206_tt6&amp;_nc_cat=108&amp;ccb=7-5&amp;_nc_sid=bf7eb4&amp;efg=eyJ2ZW5jb2RlX3RhZyI6InByb2ZpbGVfcGljLnd3dy4xMDgwLkMzIn0%3D&amp;_nc_ohc=RggPlf2Cn-4Q7kNvwG5Rj0i&amp;_nc_oc=Adr2coMVyTHjvyciMSFv_UstcPNj-9XCLgdK8bNo1qAdTY5hdheyYIfjEPwBDzDg9lM&amp;_nc_zt=24&amp;_nc_ht=scontent-lhr6-1.cdninstagram.com&amp;edm=AP4hL3IEAAAA&amp;_nc_tpa=Q5bMBQHef-dbDIHmtFG7DcKMVqVmH9MkMs7Ybpk6NU58GEWnhjdDtJVhHR3Wj-l81BUCedwDPMwV8fwV3Q&amp;oh=00_AQBkA7TD59okvnQlcKBx7e2f8inGA6I5Pi4n0_te98QHng&amp;oe=6A54FC5C', ...}, 'health': {'platform': 'instagram', 'status': 'healthy', 'token_valid': 1, 'token_expires_at': '2026-08-22T23:00:28.400Z', ...}, 'last_refresh': {'id': 4, 'started_at': '2026-07-12T19:32:36.695200+00:00', 'finished_at': '2026-07-12T19:33:52.154165+00:00', 'status': 'ok', ...}} or 'account' in {'snapshot': {'platform': 'instagram', 'username': 'yaciapatisserie', 'display_name': 'Yacia Patisserie', 'profile_picture': 'https://scontent-lhr6-1.cdninstagram.com/v/t51.2885-19/476679134_955867683322337_1184071680533370448_n.jpg?stp=dst-jpg_s206x206_tt6&amp;_nc_cat=108&amp;ccb=7-5&amp;_nc_sid=bf7eb4&amp;efg=eyJ2ZW5jb2RlX3RhZyI6InByb2ZpbGVfcGljLnd3dy4xMDgwLkMzIn0%3D&amp;_nc_ohc=RggPlf2Cn-4Q7kNvwG5Rj0i&amp;_nc_oc=Adr2coMVyTHjvyciMSFv_UstcPNj-9XCLgdK8bNo1qAdTY5hdheyYIfjEPwBDzDg9lM&amp;_nc_zt=24&amp;_nc_ht=scontent-lhr6-1.cdninstagram.com&amp;edm=AP4hL3IEAAAA&amp;_nc_tpa=Q5bMBQHef-dbDIHmtFG7DcKMVqVmH9MkMs7Ybpk6NU58GEWnhjdDtJVhHR3Wj-l81BUCedwDPMwV8fwV3Q&amp;oh=00_AQBkA7TD59okvnQlcKBx7e2f8inGA6I5Pi4n0_te98QHng&amp;oe=6A54FC5C', ...}, 'health': {'platform': 'instagram', 'status': 'healthy', 'token_valid': 1, 'token_expires_at': '2026-08-22T23:00:28.400Z', ...}, 'last_refresh': {'id': 4, 'started_at': '2026-07-12T19:32:36.695200+00:00', 'finished_at': '2026-07-12T19:33:52.154165+00:00', 'status': 'ok', ...}})">backend/tests/test_dashboard_api.py:28: in test_account
    assert "username" in data or "account" in data
E   AssertionError: assert ('username' in {'snapshot': {'platform': 'instagram', 'username': 'yaciapatisserie', 'display_name': 'Yacia Patisserie', 'profile_picture': 'https://scontent-lhr6-1.cdninstagram.com/v/t51.2885-19/476679134_955867683322337_1184071680533370448_n.jpg?stp=dst-jpg_s206x206_tt6&amp;_nc_cat=108&amp;ccb=7-5&amp;_nc_sid=bf7eb4&amp;efg=eyJ2ZW5jb2RlX3RhZyI6InByb2ZpbGVfcGljLnd3dy4xMDgwLkMzIn0%3D&amp;_nc_ohc=RggPlf2Cn-4Q7kNvwG5Rj0i&amp;_nc_oc=Adr2coMVyTHjvyciMSFv_UstcPNj-9XCLgdK8bNo1qAdTY5hdheyYIfjEPwBDzDg9lM&amp;_nc_zt=24&amp;_nc_ht=scontent-lhr6-1.cdninstagram.com&amp;edm=AP4hL3IEAAAA&amp;_nc_tpa=Q5bMBQHef-dbDIHmtFG7DcKMVqVmH9MkMs7Ybpk6NU58GEWnhjdDtJVhHR3Wj-l81BUCedwDPMwV8fwV3Q&amp;oh=00_AQBkA7TD59okvnQlcKBx7e2f8inGA6I5Pi4n0_te98QHng&amp;oe=6A54FC5C', ...}, 'health': {'platform': 'instagram', 'status': 'healthy', 'token_valid': 1, 'token_expires_at': '2026-08-22T23:00:28.400Z', ...}, 'last_refresh': {'id': 4, 'started_at': '2026-07-12T19:32:36.695200+00:00', 'finished_at': '2026-07-12T19:33:52.154165+00:00', 'status': 'ok', ...}} or 'account' in {'snapshot': {'platform': 'instagram', 'username': 'yaciapatisserie', 'display_name': 'Yacia Patisserie', 'profile_picture': 'https://scontent-lhr6-1.cdninstagram.com/v/t51.2885-19/476679134_955867683322337_1184071680533370448_n.jpg?stp=dst-jpg_s206x206_tt6&amp;_nc_cat=108&amp;ccb=7-5&amp;_nc_sid=bf7eb4&amp;efg=eyJ2ZW5jb2RlX3RhZyI6InByb2ZpbGVfcGljLnd3dy4xMDgwLkMzIn0%3D&amp;_nc_ohc=RggPlf2Cn-4Q7kNvwG5Rj0i&amp;_nc_oc=Adr2coMVyTHjvyciMSFv_UstcPNj-9XCLgdK8bNo1qAdTY5hdheyYIfjEPwBDzDg9lM&amp;_nc_zt=24&amp;_nc_ht=scontent-lhr6-1.cdninstagram.com&amp;edm=AP4hL3IEAAAA&amp;_nc_tpa=Q5bMBQHef-dbDIHmtFG7DcKMVqVmH9MkMs7Ybpk6NU58GEWnhjdDtJVhHR3Wj-l81BUCedwDPMwV8fwV3Q&amp;oh=00_AQBkA7TD59okvnQlcKBx7e2f8inGA6I5Pi4n0_te98QHng&amp;oe=6A54FC5C', ...}, 'health': {'platform': 'instagram', 'status': 'healthy', 'token_valid': 1, 'token_expires_at': '2026-08-22T23:00:28.400Z', ...}, 'last_refresh': {'id': 4, 'started_at': '2026-07-12T19:32:36.695200+00:00', 'finished_at': '2026-07-12T19:33:52.154165+00:00', 'status': 'ok', ...}})</failure></testcase><testcase classname="tests.test_dashboard_api" name="test_overview" time="0.386" /><testcase classname="tests.test_dashboard_api" name="test_trend" time="0.330" /><testcase classname="tests.test_dashboard_api" name="test_demographics" time="0.304" /><testcase classname="tests.test_dashboard_api" name="test_posts_sort[engagement]" time="0.329" /><testcase classname="tests.test_dashboard_api" name="test_posts_sort[likes]" time="0.325" /><testcase classname="tests.test_dashboard_api" name="test_posts_sort[comments]" time="0.335" /><testcase classname="tests.test_dashboard_api" name="test_posts_sort[recent]" time="0.323" /><testcase classname="tests.test_dashboard_api" name="test_post_comments" time="0.633" /><testcase classname="tests.test_dashboard_api" name="test_best_time" time="0.308" /><testcase classname="tests.test_dashboard_api" name="test_frequency" time="0.337" /><testcase classname="tests.test_dashboard_api" name="test_ideas_list" time="0.387" /><testcase classname="tests.test_dashboard_api" name="test_idea_discard_flow" time="1.184" /></testsuite></testsuites>